[debug] [2022-11-23T20:44:38.371Z] ----------------------------------------------------------------------
[debug] [2022-11-23T20:44:38.373Z] Command:       C:\Program Files\nodejs\node.exe C:\Users\Pushkar\AppData\Roaming\npm\node_modules\firebase-tools\lib\bin\firebase.js init
[debug] [2022-11-23T20:44:38.373Z] CLI Version:   11.16.1
[debug] [2022-11-23T20:44:38.373Z] Platform:      win32
[debug] [2022-11-23T20:44:38.373Z] Node Version:  v16.13.0
[debug] [2022-11-23T20:44:38.374Z] Time:          Thu Nov 24 2022 02:14:38 GMT+0530 (India Standard Time)
[debug] [2022-11-23T20:44:38.374Z] ----------------------------------------------------------------------
[debug] 
[debug] [2022-11-23T20:44:38.381Z] > command requires scopes: ["email","openid","https://www.googleapis.com/auth/cloudplatformprojects.readonly","https://www.googleapis.com/auth/firebase","https://www.googleapis.com/auth/cloud-platform"]
[debug] [2022-11-23T20:44:38.381Z] > authorizing via signed-in user (pushkar.helge20@vit.edu)
[info] 
     ######## #### ########  ######## ########     ###     ######  ########
     ##        ##  ##     ## ##       ##     ##  ##   ##  ##       ##
     ######    ##  ########  ######   ########  #########  ######  ######
     ##        ##  ##    ##  ##       ##     ## ##     ##       ## ##
     ##       #### ##     ## ######## ########  ##     ##  ######  ########

You're about to initialize a Firebase project in this directory:

  D:\Data\WebD\Project-2\Portfolio\Responsive-Portfolio-Design-master

[info] 
=== Project Setup
[info] 
[info] First, let's associate this project directory with a Firebase project.
[info] You can create multiple project aliases by running firebase use --add, 
[info] but for now we'll just set up a default project.
[info] 
[debug] [2022-11-23T20:45:44.607Z] >>> [apiv2][query] GET https://firebase.googleapis.com/v1beta1/projects pageSize=100
[debug] [2022-11-23T20:45:45.551Z] <<< [apiv2][status] GET https://firebase.googleapis.com/v1beta1/projects 200
[debug] [2022-11-23T20:45:45.551Z] <<< [apiv2][body] GET https://firebase.googleapis.com/v1beta1/projects [omitted]
